
*** Running vivado
    with args -log LC3Zybo_top.vds -m64 -product Vivado -mode batch -messageDb vivado.pb -notrace -source LC3Zybo_top.tcl


****** Vivado v2018.2 (64-bit)
  **** SW Build 2258646 on Thu Jun 14 20:03:12 MDT 2018
  **** IP Build 2256618 on Thu Jun 14 22:10:49 MDT 2018
    ** Copyright 1986-2018 Xilinx, Inc. All Rights Reserved.

source LC3Zybo_top.tcl -notrace
Command: synth_design -top LC3Zybo_top -part xc7z010clg400-1
Starting synth_design
Attempting to get a license for feature 'Synthesis' and/or device 'xc7z010'
INFO: [Common 17-349] Got license for feature 'Synthesis' and/or device 'xc7z010'
INFO: Launching helper process for spawning children vivado processes
INFO: Helper process launched with PID 21036 
---------------------------------------------------------------------------------
Starting RTL Elaboration : Time (s): cpu = 00:00:02 ; elapsed = 00:00:02 . Memory (MB): peak = 339.191 ; gain = 99.941
---------------------------------------------------------------------------------
INFO: [Synth 8-638] synthesizing module 'LC3Zybo_top' [C:/Users/sskev/OneDrive/Skrivebord/3 ugers - Digital systemer/LC3 ZYBO/top.vhd:28]
INFO: [Synth 8-638] synthesizing module 'student_code' [C:/Users/sskev/OneDrive/Skrivebord/3 ugers - Digital systemer/LC3 ZYBO/student_code.vhd:40]
INFO: [Synth 8-638] synthesizing module 'lc3_computer' [C:/Users/sskev/OneDrive/Skrivebord/3 ugers - Digital systemer/LC3 ZYBO/lc3_computer.vhd:68]
INFO: [Synth 8-638] synthesizing module 'lc3_wrapper_multiplexers' [C:/Users/sskev/OneDrive/Skrivebord/3 ugers - Digital systemer/LC3 ZYBO/lc3_wrapper_multiplexers.vhd:24]
INFO: [Synth 8-637] synthesizing blackbox instance 'lc3_1' of component 'lc3' [C:/Users/sskev/OneDrive/Skrivebord/3 ugers - Digital systemer/LC3 ZYBO/lc3_wrapper_multiplexers.vhd:43]
INFO: [Synth 8-256] done synthesizing module 'lc3_wrapper_multiplexers' (1#1) [C:/Users/sskev/OneDrive/Skrivebord/3 ugers - Digital systemer/LC3 ZYBO/lc3_wrapper_multiplexers.vhd:24]
INFO: [Synth 8-638] synthesizing module 'reg_reset' [C:/Users/sskev/OneDrive/Skrivebord/3 ugers - Digital systemer/LC3 ZYBO/3 Ugers - Kode/3 Ugers - Kode.srcs/sources_1/imports/Skrivebord/list_ch04_05_reg.vhd:12]
INFO: [Synth 8-256] done synthesizing module 'reg_reset' (2#1) [C:/Users/sskev/OneDrive/Skrivebord/3 ugers - Digital systemer/LC3 ZYBO/3 Ugers - Kode/3 Ugers - Kode.srcs/sources_1/imports/Skrivebord/list_ch04_05_reg.vhd:12]
INFO: [Synth 8-638] synthesizing module 'uart' [C:/Users/sskev/OneDrive/Skrivebord/3 ugers - Digital systemer/LC3 ZYBO/3 Ugers - Kode/3 Ugers - Kode.srcs/sources_1/imports/ch07/list_ch07_04_uart.vhd:29]
	Parameter DBIT bound to: 8 - type: integer 
	Parameter SB_TICK bound to: 16 - type: integer 
	Parameter DVSR bound to: 163 - type: integer 
	Parameter DVSR_BIT bound to: 8 - type: integer 
	Parameter FIFO_W bound to: 2 - type: integer 
INFO: [Synth 8-638] synthesizing module 'mod_m_counter' [C:/Users/sskev/OneDrive/Skrivebord/3 ugers - Digital systemer/LC3 ZYBO/3 Ugers - Kode/3 Ugers - Kode.srcs/sources_1/imports/ch04/list_ch04_11_mod_m.vhd:18]
	Parameter N bound to: 8 - type: integer 
	Parameter M bound to: 163 - type: integer 
INFO: [Synth 8-256] done synthesizing module 'mod_m_counter' (3#1) [C:/Users/sskev/OneDrive/Skrivebord/3 ugers - Digital systemer/LC3 ZYBO/3 Ugers - Kode/3 Ugers - Kode.srcs/sources_1/imports/ch04/list_ch04_11_mod_m.vhd:18]
INFO: [Synth 8-638] synthesizing module 'uart_rx' [C:/Users/sskev/OneDrive/Skrivebord/3 ugers - Digital systemer/LC3 ZYBO/3 Ugers - Kode/3 Ugers - Kode.srcs/sources_1/imports/ch07/list_ch07_01_uart_rx.vhd:19]
	Parameter DBIT bound to: 8 - type: integer 
	Parameter SB_TICK bound to: 16 - type: integer 
INFO: [Synth 8-256] done synthesizing module 'uart_rx' (4#1) [C:/Users/sskev/OneDrive/Skrivebord/3 ugers - Digital systemer/LC3 ZYBO/3 Ugers - Kode/3 Ugers - Kode.srcs/sources_1/imports/ch07/list_ch07_01_uart_rx.vhd:19]
INFO: [Synth 8-638] synthesizing module 'fifo' [C:/Users/sskev/OneDrive/Skrivebord/3 ugers - Digital systemer/LC3 ZYBO/3 Ugers - Kode/3 Ugers - Kode.srcs/sources_1/imports/ch04/list_ch04_20_fifo.vhd:19]
	Parameter B bound to: 8 - type: integer 
	Parameter W bound to: 2 - type: integer 
INFO: [Synth 8-256] done synthesizing module 'fifo' (5#1) [C:/Users/sskev/OneDrive/Skrivebord/3 ugers - Digital systemer/LC3 ZYBO/3 Ugers - Kode/3 Ugers - Kode.srcs/sources_1/imports/ch04/list_ch04_20_fifo.vhd:19]
INFO: [Synth 8-638] synthesizing module 'uart_tx' [C:/Users/sskev/OneDrive/Skrivebord/3 ugers - Digital systemer/LC3 ZYBO/3 Ugers - Kode/3 Ugers - Kode.srcs/sources_1/imports/ch07/list_ch07_03_uart_tx.vhd:20]
	Parameter DBIT bound to: 8 - type: integer 
	Parameter SB_TICK bound to: 16 - type: integer 
INFO: [Synth 8-256] done synthesizing module 'uart_tx' (6#1) [C:/Users/sskev/OneDrive/Skrivebord/3 ugers - Digital systemer/LC3 ZYBO/3 Ugers - Kode/3 Ugers - Kode.srcs/sources_1/imports/ch07/list_ch07_03_uart_tx.vhd:20]
INFO: [Synth 8-256] done synthesizing module 'uart' (7#1) [C:/Users/sskev/OneDrive/Skrivebord/3 ugers - Digital systemer/LC3 ZYBO/3 Ugers - Kode/3 Ugers - Kode.srcs/sources_1/imports/ch07/list_ch07_04_uart.vhd:29]
INFO: [Synth 8-638] synthesizing module 'memory' [C:/Users/sskev/OneDrive/Skrivebord/3 ugers - Digital systemer/LC3 ZYBO/3 Ugers - Kode/3 Ugers - Kode.srcs/sources_1/new/memory.vhd:18]
INFO: [Synth 8-256] done synthesizing module 'memory' (8#1) [C:/Users/sskev/OneDrive/Skrivebord/3 ugers - Digital systemer/LC3 ZYBO/3 Ugers - Kode/3 Ugers - Kode.srcs/sources_1/new/memory.vhd:18]
INFO: [Synth 8-638] synthesizing module 'mod_m_counter__parameterized0' [C:/Users/sskev/OneDrive/Skrivebord/3 ugers - Digital systemer/LC3 ZYBO/3 Ugers - Kode/3 Ugers - Kode.srcs/sources_1/imports/ch04/list_ch04_11_mod_m.vhd:18]
	Parameter N bound to: 16 - type: integer 
	Parameter M bound to: 50000 - type: integer 
INFO: [Synth 8-256] done synthesizing module 'mod_m_counter__parameterized0' (8#1) [C:/Users/sskev/OneDrive/Skrivebord/3 ugers - Digital systemer/LC3 ZYBO/3 Ugers - Kode/3 Ugers - Kode.srcs/sources_1/imports/ch04/list_ch04_11_mod_m.vhd:18]
INFO: [Synth 8-638] synthesizing module 'mod_m_counter__parameterized1' [C:/Users/sskev/OneDrive/Skrivebord/3 ugers - Digital systemer/LC3 ZYBO/3 Ugers - Kode/3 Ugers - Kode.srcs/sources_1/imports/ch04/list_ch04_11_mod_m.vhd:18]
	Parameter N bound to: 16 - type: integer 
	Parameter M bound to: 60000 - type: integer 
INFO: [Synth 8-256] done synthesizing module 'mod_m_counter__parameterized1' (8#1) [C:/Users/sskev/OneDrive/Skrivebord/3 ugers - Digital systemer/LC3 ZYBO/3 Ugers - Kode/3 Ugers - Kode.srcs/sources_1/imports/ch04/list_ch04_11_mod_m.vhd:18]
WARNING: [Synth 8-614] signal 'RE' is read in the process but is not in the sensitivity list [C:/Users/sskev/OneDrive/Skrivebord/3 ugers - Digital systemer/LC3 ZYBO/lc3_computer.vhd:345]
WARNING: [Synth 8-614] signal 'WE' is read in the process but is not in the sensitivity list [C:/Users/sskev/OneDrive/Skrivebord/3 ugers - Digital systemer/LC3 ZYBO/lc3_computer.vhd:345]
WARNING: [Synth 8-614] signal 'sw' is read in the process but is not in the sensitivity list [C:/Users/sskev/OneDrive/Skrivebord/3 ugers - Digital systemer/LC3 ZYBO/lc3_computer.vhd:425]
WARNING: [Synth 8-614] signal 'psw' is read in the process but is not in the sensitivity list [C:/Users/sskev/OneDrive/Skrivebord/3 ugers - Digital systemer/LC3 ZYBO/lc3_computer.vhd:425]
WARNING: [Synth 8-614] signal 'btn' is read in the process but is not in the sensitivity list [C:/Users/sskev/OneDrive/Skrivebord/3 ugers - Digital systemer/LC3 ZYBO/lc3_computer.vhd:425]
WARNING: [Synth 8-614] signal 'pbtn' is read in the process but is not in the sensitivity list [C:/Users/sskev/OneDrive/Skrivebord/3 ugers - Digital systemer/LC3 ZYBO/lc3_computer.vhd:425]
WARNING: [Synth 8-614] signal 'data_out' is read in the process but is not in the sensitivity list [C:/Users/sskev/OneDrive/Skrivebord/3 ugers - Digital systemer/LC3 ZYBO/lc3_computer.vhd:425]
WARNING: [Synth 8-614] signal 'rx_empty' is read in the process but is not in the sensitivity list [C:/Users/sskev/OneDrive/Skrivebord/3 ugers - Digital systemer/LC3 ZYBO/lc3_computer.vhd:425]
WARNING: [Synth 8-614] signal 'rx_data' is read in the process but is not in the sensitivity list [C:/Users/sskev/OneDrive/Skrivebord/3 ugers - Digital systemer/LC3 ZYBO/lc3_computer.vhd:425]
WARNING: [Synth 8-614] signal 'tx_full' is read in the process but is not in the sensitivity list [C:/Users/sskev/OneDrive/Skrivebord/3 ugers - Digital systemer/LC3 ZYBO/lc3_computer.vhd:425]
WARNING: [Synth 8-614] signal 'rx_empty_uart' is read in the process but is not in the sensitivity list [C:/Users/sskev/OneDrive/Skrivebord/3 ugers - Digital systemer/LC3 ZYBO/lc3_computer.vhd:425]
WARNING: [Synth 8-614] signal 'r_data' is read in the process but is not in the sensitivity list [C:/Users/sskev/OneDrive/Skrivebord/3 ugers - Digital systemer/LC3 ZYBO/lc3_computer.vhd:425]
WARNING: [Synth 8-614] signal 'tx_full_uart' is read in the process but is not in the sensitivity list [C:/Users/sskev/OneDrive/Skrivebord/3 ugers - Digital systemer/LC3 ZYBO/lc3_computer.vhd:425]
WARNING: [Synth 8-614] signal 'milli_counter' is read in the process but is not in the sensitivity list [C:/Users/sskev/OneDrive/Skrivebord/3 ugers - Digital systemer/LC3 ZYBO/lc3_computer.vhd:425]
WARNING: [Synth 8-614] signal 'm_out' is read in the process but is not in the sensitivity list [C:/Users/sskev/OneDrive/Skrivebord/3 ugers - Digital systemer/LC3 ZYBO/lc3_computer.vhd:425]
INFO: [Synth 8-256] done synthesizing module 'lc3_computer' (9#1) [C:/Users/sskev/OneDrive/Skrivebord/3 ugers - Digital systemer/LC3 ZYBO/lc3_computer.vhd:68]
INFO: [Synth 8-638] synthesizing module 'lc3_debug' [C:/Users/sskev/OneDrive/Skrivebord/3 ugers - Digital systemer/LC3 ZYBO/lc3_debug.vhd:29]
INFO: [Synth 8-638] synthesizing module 'BtnToggle' [C:/Users/sskev/OneDrive/Skrivebord/3 ugers - Digital systemer/LC3 ZYBO/BtnToggle.vhd:24]
INFO: [Synth 8-256] done synthesizing module 'BtnToggle' (10#1) [C:/Users/sskev/OneDrive/Skrivebord/3 ugers - Digital systemer/LC3 ZYBO/BtnToggle.vhd:24]
INFO: [Synth 8-638] synthesizing module 'debounce' [C:/Users/sskev/OneDrive/Skrivebord/3 ugers - Digital systemer/LC3 ZYBO/debounce.vhd:18]
INFO: [Synth 8-256] done synthesizing module 'debounce' (11#1) [C:/Users/sskev/OneDrive/Skrivebord/3 ugers - Digital systemer/LC3 ZYBO/debounce.vhd:18]
INFO: [Synth 8-256] done synthesizing module 'lc3_debug' (12#1) [C:/Users/sskev/OneDrive/Skrivebord/3 ugers - Digital systemer/LC3 ZYBO/lc3_debug.vhd:29]
INFO: [Synth 8-256] done synthesizing module 'student_code' (13#1) [C:/Users/sskev/OneDrive/Skrivebord/3 ugers - Digital systemer/LC3 ZYBO/student_code.vhd:40]
INFO: [Synth 8-638] synthesizing module 'zyboviose_wrapper' [C:/Users/sskev/OneDrive/Skrivebord/3 ugers - Digital systemer/LC3 ZYBO/zybovios_wrapper.vhd:32]
INFO: [Synth 8-637] synthesizing blackbox instance 'Inst_ZyboVIO_SE' of component 'ZyboVIO_SE' [C:/Users/sskev/OneDrive/Skrivebord/3 ugers - Digital systemer/LC3 ZYBO/zybovios_wrapper.vhd:58]
INFO: [Synth 8-256] done synthesizing module 'zyboviose_wrapper' (14#1) [C:/Users/sskev/OneDrive/Skrivebord/3 ugers - Digital systemer/LC3 ZYBO/zybovios_wrapper.vhd:32]
INFO: [Synth 8-256] done synthesizing module 'LC3Zybo_top' (15#1) [C:/Users/sskev/OneDrive/Skrivebord/3 ugers - Digital systemer/LC3 ZYBO/top.vhd:28]
---------------------------------------------------------------------------------
Finished RTL Elaboration : Time (s): cpu = 00:00:04 ; elapsed = 00:00:04 . Memory (MB): peak = 428.328 ; gain = 189.078
---------------------------------------------------------------------------------

Report Check Netlist: 
+------+------------------+-------+---------+-------+------------------+
|      |Item              |Errors |Warnings |Status |Description       |
+------+------------------+-------+---------+-------+------------------+
|1     |multi_driven_nets |      0|        0|Passed |Multi driven nets |
+------+------------------+-------+---------+-------+------------------+
---------------------------------------------------------------------------------
Start Handling Custom Attributes
---------------------------------------------------------------------------------
---------------------------------------------------------------------------------
Finished Handling Custom Attributes : Time (s): cpu = 00:00:04 ; elapsed = 00:00:04 . Memory (MB): peak = 428.328 ; gain = 189.078
---------------------------------------------------------------------------------
---------------------------------------------------------------------------------
Finished RTL Optimization Phase 1 : Time (s): cpu = 00:00:04 ; elapsed = 00:00:04 . Memory (MB): peak = 428.328 ; gain = 189.078
---------------------------------------------------------------------------------
INFO: [Device 21-403] Loading part xc7z010clg400-1
INFO: [Project 1-570] Preparing netlist for logic optimization

Processing XDC Constraints
Initializing timing engine
Parsing XDC File [C:/Users/sskev/OneDrive/Skrivebord/3 ugers - Digital systemer/LC3 ZYBO/3 Ugers - Kode/3 Ugers - Kode.srcs/constrs_1/imports/VIO/FPGA/ZyboVIO.xdc]
Finished Parsing XDC File [C:/Users/sskev/OneDrive/Skrivebord/3 ugers - Digital systemer/LC3 ZYBO/3 Ugers - Kode/3 Ugers - Kode.srcs/constrs_1/imports/VIO/FPGA/ZyboVIO.xdc]
INFO: [Project 1-236] Implementation specific constraints were found while reading constraint file [C:/Users/sskev/OneDrive/Skrivebord/3 ugers - Digital systemer/LC3 ZYBO/3 Ugers - Kode/3 Ugers - Kode.srcs/constrs_1/imports/VIO/FPGA/ZyboVIO.xdc]. These constraints will be ignored for synthesis but will be used in implementation. Impacted constraints are listed in the file [.Xil/LC3Zybo_top_propImpl.xdc].
Resolution: To avoid this warning, move constraints listed in [.Xil/LC3Zybo_top_propImpl.xdc] to another XDC file and exclude this new file from synthesis with the used_in_synthesis property (File Properties dialog in GUI) and re-run elaboration/synthesis.
Completed Processing XDC Constraints

INFO: [Project 1-111] Unisim Transformation Summary:
No Unisim elements were transformed.

Constraint Validation Runtime : Time (s): cpu = 00:00:00 ; elapsed = 00:00:00.007 . Memory (MB): peak = 754.281 ; gain = 0.000
---------------------------------------------------------------------------------
Finished Constraint Validation : Time (s): cpu = 00:00:11 ; elapsed = 00:00:14 . Memory (MB): peak = 754.281 ; gain = 515.031
---------------------------------------------------------------------------------
---------------------------------------------------------------------------------
Start Loading Part and Timing Information
---------------------------------------------------------------------------------
Loading part: xc7z010clg400-1
---------------------------------------------------------------------------------
Finished Loading Part and Timing Information : Time (s): cpu = 00:00:11 ; elapsed = 00:00:14 . Memory (MB): peak = 754.281 ; gain = 515.031
---------------------------------------------------------------------------------
---------------------------------------------------------------------------------
Start Applying 'set_property' XDC Constraints
---------------------------------------------------------------------------------
---------------------------------------------------------------------------------
Finished applying 'set_property' XDC Constraints : Time (s): cpu = 00:00:11 ; elapsed = 00:00:14 . Memory (MB): peak = 754.281 ; gain = 515.031
---------------------------------------------------------------------------------
INFO: [Synth 8-5546] ROM "max_tick" won't be mapped to RAM because it is too sparse
INFO: [Synth 8-802] inferred FSM for state register 'state_reg_reg' in module 'uart_rx'
INFO: [Synth 8-5544] ROM "rx_done_tick" won't be mapped to Block RAM because address size (4) smaller than threshold (5)
INFO: [Synth 8-5544] ROM "state_next" won't be mapped to Block RAM because address size (3) smaller than threshold (5)
INFO: [Synth 8-5544] ROM "state_next" won't be mapped to Block RAM because address size (4) smaller than threshold (5)
INFO: [Synth 8-5544] ROM "s_next" won't be mapped to Block RAM because address size (4) smaller than threshold (5)
INFO: [Synth 8-5544] ROM "n_next" won't be mapped to Block RAM because address size (3) smaller than threshold (5)
INFO: [Synth 8-5544] ROM "array_reg_reg[3]" won't be mapped to Block RAM because address size (2) smaller than threshold (5)
INFO: [Synth 8-5544] ROM "array_reg_reg[2]" won't be mapped to Block RAM because address size (2) smaller than threshold (5)
INFO: [Synth 8-5544] ROM "array_reg_reg[1]" won't be mapped to Block RAM because address size (2) smaller than threshold (5)
INFO: [Synth 8-5544] ROM "array_reg_reg[0]" won't be mapped to Block RAM because address size (2) smaller than threshold (5)
INFO: [Synth 8-802] inferred FSM for state register 'state_reg_reg' in module 'uart_tx'
INFO: [Synth 8-5544] ROM "tx_done_tick" won't be mapped to Block RAM because address size (4) smaller than threshold (5)
INFO: [Synth 8-5544] ROM "state_next" won't be mapped to Block RAM because address size (3) smaller than threshold (5)
INFO: [Synth 8-5544] ROM "s_next" won't be mapped to Block RAM because address size (4) smaller than threshold (5)
INFO: [Synth 8-5544] ROM "n_next" won't be mapped to Block RAM because address size (3) smaller than threshold (5)
INFO: [Synth 8-5546] ROM "max_tick" won't be mapped to RAM because it is too sparse
INFO: [Synth 8-5546] ROM "max_tick" won't be mapped to RAM because it is too sparse
INFO: [Synth 8-5546] ROM "tx_wr" won't be mapped to RAM because it is too sparse
INFO: [Synth 8-5546] ROM "wr_uart" won't be mapped to RAM because it is too sparse
INFO: [Synth 8-5546] ROM "mux" won't be mapped to RAM because it is too sparse
INFO: [Synth 8-5546] ROM "mem_en" won't be mapped to RAM because it is too sparse
INFO: [Synth 8-5546] ROM "data_in" won't be mapped to RAM because it is too sparse
INFO: [Synth 8-5546] ROM "led_in" won't be mapped to RAM because it is too sparse
INFO: [Synth 8-5546] ROM "pled_in" won't be mapped to RAM because it is too sparse
INFO: [Synth 8-5546] ROM "hex_in" won't be mapped to RAM because it is too sparse
INFO: [Synth 8-5546] ROM "tx_data" won't be mapped to RAM because it is too sparse
INFO: [Synth 8-5546] ROM "w_data" won't be mapped to RAM because it is too sparse
INFO: [Synth 8-802] inferred FSM for state register 'state_reg_reg' in module 'debounce'
INFO: [Synth 8-5546] ROM "tick" won't be mapped to RAM because it is too sparse
INFO: [Synth 8-5544] ROM "output" won't be mapped to Block RAM because address size (2) smaller than threshold (5)
INFO: [Synth 8-5544] ROM "state_next" won't be mapped to Block RAM because address size (1) smaller than threshold (5)
INFO: [Synth 8-5544] ROM "state_next" won't be mapped to Block RAM because address size (1) smaller than threshold (5)
---------------------------------------------------------------------------------------------------
                   State |                     New Encoding |                Previous Encoding 
---------------------------------------------------------------------------------------------------
                    idle |                               00 |                               00
                   start |                               01 |                               01
                    data |                               10 |                               10
                    stop |                               11 |                               11
---------------------------------------------------------------------------------------------------
INFO: [Synth 8-3354] encoded FSM with state register 'state_reg_reg' using encoding 'sequential' in module 'uart_rx'
---------------------------------------------------------------------------------------------------
                   State |                     New Encoding |                Previous Encoding 
---------------------------------------------------------------------------------------------------
                    idle |                               00 |                               00
                   start |                               01 |                               01
                    data |                               10 |                               10
                    stop |                               11 |                               11
---------------------------------------------------------------------------------------------------
INFO: [Synth 8-3354] encoded FSM with state register 'state_reg_reg' using encoding 'sequential' in module 'uart_tx'
WARNING: [Synth 8-327] inferring latch for variable 'tx_data_reg' [C:/Users/sskev/OneDrive/Skrivebord/3 ugers - Digital systemer/LC3 ZYBO/lc3_computer.vhd:439]
WARNING: [Synth 8-327] inferring latch for variable 'data_in_reg' [C:/Users/sskev/OneDrive/Skrivebord/3 ugers - Digital systemer/LC3 ZYBO/lc3_computer.vhd:428]
WARNING: [Synth 8-327] inferring latch for variable 'led_in_reg' [C:/Users/sskev/OneDrive/Skrivebord/3 ugers - Digital systemer/LC3 ZYBO/lc3_computer.vhd:244]
WARNING: [Synth 8-327] inferring latch for variable 'hex_in_reg' [C:/Users/sskev/OneDrive/Skrivebord/3 ugers - Digital systemer/LC3 ZYBO/lc3_computer.vhd:253]
WARNING: [Synth 8-327] inferring latch for variable 'pled_in_reg' [C:/Users/sskev/OneDrive/Skrivebord/3 ugers - Digital systemer/LC3 ZYBO/lc3_computer.vhd:262]
WARNING: [Synth 8-327] inferring latch for variable 'mux_reg' [C:/Users/sskev/OneDrive/Skrivebord/3 ugers - Digital systemer/LC3 ZYBO/lc3_computer.vhd:360]
WARNING: [Synth 8-327] inferring latch for variable 'w_data_reg' [C:/Users/sskev/OneDrive/Skrivebord/3 ugers - Digital systemer/LC3 ZYBO/lc3_computer.vhd:299]
---------------------------------------------------------------------------------------------------
                   State |                     New Encoding |                Previous Encoding 
---------------------------------------------------------------------------------------------------
                    zero |                               00 |                               00
                   wait1 |                               01 |                               11
                     one |                               10 |                               10
                   wait0 |                               11 |                               01
---------------------------------------------------------------------------------------------------
INFO: [Synth 8-3354] encoded FSM with state register 'state_reg_reg' using encoding 'sequential' in module 'debounce'
---------------------------------------------------------------------------------
Finished RTL Optimization Phase 2 : Time (s): cpu = 00:00:12 ; elapsed = 00:00:15 . Memory (MB): peak = 754.281 ; gain = 515.031
---------------------------------------------------------------------------------

Report RTL Partitions: 
+-+--------------+------------+----------+
| |RTL Partition |Replication |Instances |
+-+--------------+------------+----------+
+-+--------------+------------+----------+
---------------------------------------------------------------------------------
Start RTL Component Statistics 
---------------------------------------------------------------------------------
Detailed RTL Component Info : 
+---Adders : 
	   2 Input     30 Bit       Adders := 1     
	   2 Input     21 Bit       Adders := 10    
	   2 Input     16 Bit       Adders := 2     
	   2 Input      8 Bit       Adders := 1     
	   2 Input      4 Bit       Adders := 2     
	   2 Input      3 Bit       Adders := 2     
	   2 Input      2 Bit       Adders := 4     
+---Registers : 
	               30 Bit    Registers := 1     
	               21 Bit    Registers := 10    
	               16 Bit    Registers := 6     
	                8 Bit    Registers := 11    
	                4 Bit    Registers := 2     
	                3 Bit    Registers := 2     
	                2 Bit    Registers := 4     
	                1 Bit    Registers := 7     
+---RAMs : 
	            1024K Bit         RAMs := 1     
+---Muxes : 
	   2 Input     21 Bit        Muxes := 40    
	   4 Input     21 Bit        Muxes := 10    
	   2 Input     16 Bit        Muxes := 8     
	  17 Input     16 Bit        Muxes := 2     
	   2 Input      8 Bit        Muxes := 1     
	   4 Input      8 Bit        Muxes := 3     
	   2 Input      5 Bit        Muxes := 1     
	   2 Input      4 Bit        Muxes := 4     
	   4 Input      4 Bit        Muxes := 2     
	   4 Input      3 Bit        Muxes := 2     
	   4 Input      2 Bit        Muxes := 12    
	   2 Input      2 Bit        Muxes := 32    
	  17 Input      2 Bit        Muxes := 1     
	   2 Input      1 Bit        Muxes := 60    
	   3 Input      1 Bit        Muxes := 5     
	   4 Input      1 Bit        Muxes := 43    
	  17 Input      1 Bit        Muxes := 12    
---------------------------------------------------------------------------------
Finished RTL Component Statistics 
---------------------------------------------------------------------------------
---------------------------------------------------------------------------------
Start RTL Hierarchical Component Statistics 
---------------------------------------------------------------------------------
Hierarchical RTL Component report 
Module reg_reset 
Detailed RTL Component Info : 
+---Registers : 
	               16 Bit    Registers := 1     
Module mod_m_counter 
Detailed RTL Component Info : 
+---Adders : 
	   2 Input      8 Bit       Adders := 1     
+---Registers : 
	                8 Bit    Registers := 1     
+---Muxes : 
	   2 Input      8 Bit        Muxes := 1     
	   2 Input      1 Bit        Muxes := 1     
Module uart_rx 
Detailed RTL Component Info : 
+---Adders : 
	   2 Input      4 Bit       Adders := 1     
	   2 Input      3 Bit       Adders := 1     
+---Registers : 
	                8 Bit    Registers := 1     
	                4 Bit    Registers := 1     
	                3 Bit    Registers := 1     
+---Muxes : 
	   2 Input      4 Bit        Muxes := 2     
	   4 Input      4 Bit        Muxes := 1     
	   4 Input      3 Bit        Muxes := 1     
	   4 Input      2 Bit        Muxes := 1     
	   2 Input      2 Bit        Muxes := 1     
	   2 Input      1 Bit        Muxes := 3     
	   3 Input      1 Bit        Muxes := 2     
	   4 Input      1 Bit        Muxes := 5     
Module fifo 
Detailed RTL Component Info : 
+---Adders : 
	   2 Input      2 Bit       Adders := 2     
+---Registers : 
	                8 Bit    Registers := 4     
	                2 Bit    Registers := 2     
	                1 Bit    Registers := 2     
+---Muxes : 
	   4 Input      8 Bit        Muxes := 1     
	   4 Input      1 Bit        Muxes := 6     
	   2 Input      1 Bit        Muxes := 4     
Module uart_tx 
Detailed RTL Component Info : 
+---Adders : 
	   2 Input      4 Bit       Adders := 1     
	   2 Input      3 Bit       Adders := 1     
+---Registers : 
	                8 Bit    Registers := 1     
	                4 Bit    Registers := 1     
	                3 Bit    Registers := 1     
	                1 Bit    Registers := 1     
+---Muxes : 
	   4 Input      8 Bit        Muxes := 1     
	   2 Input      4 Bit        Muxes := 1     
	   4 Input      4 Bit        Muxes := 1     
	   4 Input      3 Bit        Muxes := 1     
	   4 Input      2 Bit        Muxes := 1     
	   2 Input      2 Bit        Muxes := 1     
	   2 Input      1 Bit        Muxes := 2     
	   3 Input      1 Bit        Muxes := 2     
	   4 Input      1 Bit        Muxes := 6     
Module memory 
Detailed RTL Component Info : 
+---Registers : 
	               16 Bit    Registers := 1     
+---RAMs : 
	            1024K Bit         RAMs := 1     
Module mod_m_counter__parameterized0 
Detailed RTL Component Info : 
+---Adders : 
	   2 Input     16 Bit       Adders := 1     
+---Registers : 
	               16 Bit    Registers := 1     
+---Muxes : 
	   2 Input     16 Bit        Muxes := 1     
	   2 Input      1 Bit        Muxes := 1     
Module mod_m_counter__parameterized1 
Detailed RTL Component Info : 
+---Adders : 
	   2 Input     16 Bit       Adders := 1     
+---Registers : 
	               16 Bit    Registers := 1     
+---Muxes : 
	   2 Input     16 Bit        Muxes := 1     
	   2 Input      1 Bit        Muxes := 1     
Module lc3_computer 
Detailed RTL Component Info : 
+---Muxes : 
	   2 Input     16 Bit        Muxes := 4     
	  17 Input     16 Bit        Muxes := 2     
	  17 Input      2 Bit        Muxes := 1     
	   2 Input      1 Bit        Muxes := 13    
	  17 Input      1 Bit        Muxes := 12    
	   3 Input      1 Bit        Muxes := 1     
Module BtnToggle 
Detailed RTL Component Info : 
+---Adders : 
	   2 Input     30 Bit       Adders := 1     
+---Registers : 
	               30 Bit    Registers := 1     
	                1 Bit    Registers := 1     
Module debounce 
Detailed RTL Component Info : 
+---Adders : 
	   2 Input     21 Bit       Adders := 1     
+---Registers : 
	               21 Bit    Registers := 1     
+---Muxes : 
	   2 Input     21 Bit        Muxes := 4     
	   4 Input     21 Bit        Muxes := 1     
	   4 Input      2 Bit        Muxes := 1     
	   2 Input      2 Bit        Muxes := 3     
	   2 Input      1 Bit        Muxes := 3     
	   4 Input      1 Bit        Muxes := 2     
Module lc3_debug 
Detailed RTL Component Info : 
+---Registers : 
	                1 Bit    Registers := 1     
+---Muxes : 
	   2 Input     16 Bit        Muxes := 2     
	   2 Input      5 Bit        Muxes := 1     
	   2 Input      4 Bit        Muxes := 1     
	   2 Input      1 Bit        Muxes := 1     
---------------------------------------------------------------------------------
Finished RTL Hierarchical Component Statistics
---------------------------------------------------------------------------------
---------------------------------------------------------------------------------
Start Part Resource Summary
---------------------------------------------------------------------------------
Part Resources:
DSPs: 80 (col length:40)
BRAMs: 120 (col length: RAMB18 40 RAMB36 20)
---------------------------------------------------------------------------------
Finished Part Resource Summary
---------------------------------------------------------------------------------
---------------------------------------------------------------------------------
Start Cross Boundary and Area Optimization
---------------------------------------------------------------------------------
Warning: Parallel synthesis criteria is not met 
INFO: [Synth 8-5546] ROM "uart/baud_gen_unit/max_tick" won't be mapped to RAM because it is too sparse
INFO: [Synth 8-5546] ROM "tic_counter/max_tick" won't be mapped to RAM because it is too sparse
INFO: [Synth 8-5546] ROM "sys_halt_db/tick" won't be mapped to RAM because it is too sparse
INFO: [Synth 8-5546] ROM "hand_clk_db/tick" won't be mapped to RAM because it is too sparse
INFO: [Synth 8-5546] ROM "tick" won't be mapped to RAM because it is too sparse
INFO: [Synth 8-5546] ROM "tick" won't be mapped to RAM because it is too sparse
INFO: [Synth 8-5546] ROM "tick" won't be mapped to RAM because it is too sparse
INFO: [Synth 8-5546] ROM "tick" won't be mapped to RAM because it is too sparse
INFO: [Synth 8-5546] ROM "tick" won't be mapped to RAM because it is too sparse
INFO: [Synth 8-5546] ROM "tick" won't be mapped to RAM because it is too sparse
INFO: [Synth 8-5546] ROM "tick" won't be mapped to RAM because it is too sparse
INFO: [Synth 8-5546] ROM "tick" won't be mapped to RAM because it is too sparse
RAM Pipeline Warning: Read Address Register Found For RAM Inst_student_code/Inst_lc3_computer/lc3_memory/ram_reg. We will not be able to pipeline it. This may degrade performance. 
INFO: [Synth 8-3886] merging instance 'Inst_student_code/Inst_lc3_computer/mux_reg[15]' (LD) to 'Inst_student_code/Inst_lc3_computer/mux_reg[14]'
INFO: [Synth 8-3886] merging instance 'Inst_student_code/Inst_lc3_computer/mux_reg[14]' (LD) to 'Inst_student_code/Inst_lc3_computer/mux_reg[13]'
INFO: [Synth 8-3886] merging instance 'Inst_student_code/Inst_lc3_computer/mux_reg[13]' (LD) to 'Inst_student_code/Inst_lc3_computer/mux_reg[12]'
INFO: [Synth 8-3886] merging instance 'Inst_student_code/Inst_lc3_computer/mux_reg[12]' (LD) to 'Inst_student_code/Inst_lc3_computer/mux_reg[11]'
INFO: [Synth 8-3886] merging instance 'Inst_student_code/Inst_lc3_computer/mux_reg[11]' (LD) to 'Inst_student_code/Inst_lc3_computer/mux_reg[10]'
INFO: [Synth 8-3886] merging instance 'Inst_student_code/Inst_lc3_computer/mux_reg[10]' (LD) to 'Inst_student_code/Inst_lc3_computer/mux_reg[9]'
INFO: [Synth 8-3886] merging instance 'Inst_student_code/Inst_lc3_computer/mux_reg[8]' (LD) to 'Inst_student_code/Inst_lc3_computer/mux_reg[7]'
INFO: [Synth 8-3886] merging instance 'Inst_student_code/Inst_lc3_computer/mux_reg[7]' (LD) to 'Inst_student_code/Inst_lc3_computer/mux_reg[6]'
INFO: [Synth 8-3886] merging instance 'Inst_student_code/Inst_lc3_computer/mux_reg[6]' (LD) to 'Inst_student_code/Inst_lc3_computer/mux_reg[5]'
INFO: [Synth 8-3333] propagating constant 0 across sequential element (\Inst_student_code/Inst_lc3_computer/mux_reg[5] )
INFO: [Synth 8-3333] propagating constant 0 across sequential element (\Inst_student_code/Inst_lc3_computer/reg_pled/q_reg[0] )
INFO: [Synth 8-3333] propagating constant 0 across sequential element (\Inst_student_code/Inst_lc3_computer/reg_pled/q_reg[1] )
INFO: [Synth 8-3333] propagating constant 0 across sequential element (\Inst_student_code/Inst_lc3_computer/reg_pled/q_reg[2] )
WARNING: [Synth 8-3332] Sequential element (Inst_student_code/Inst_lc3_computer/led_in_reg[15]) is unused and will be removed from module LC3Zybo_top.
WARNING: [Synth 8-3332] Sequential element (Inst_student_code/Inst_lc3_computer/led_in_reg[14]) is unused and will be removed from module LC3Zybo_top.
WARNING: [Synth 8-3332] Sequential element (Inst_student_code/Inst_lc3_computer/led_in_reg[13]) is unused and will be removed from module LC3Zybo_top.
WARNING: [Synth 8-3332] Sequential element (Inst_student_code/Inst_lc3_computer/led_in_reg[12]) is unused and will be removed from module LC3Zybo_top.
WARNING: [Synth 8-3332] Sequential element (Inst_student_code/Inst_lc3_computer/led_in_reg[11]) is unused and will be removed from module LC3Zybo_top.
WARNING: [Synth 8-3332] Sequential element (Inst_student_code/Inst_lc3_computer/led_in_reg[10]) is unused and will be removed from module LC3Zybo_top.
WARNING: [Synth 8-3332] Sequential element (Inst_student_code/Inst_lc3_computer/led_in_reg[9]) is unused and will be removed from module LC3Zybo_top.
WARNING: [Synth 8-3332] Sequential element (Inst_student_code/Inst_lc3_computer/led_in_reg[8]) is unused and will be removed from module LC3Zybo_top.
WARNING: [Synth 8-3332] Sequential element (Inst_student_code/Inst_lc3_computer/pled_in_reg[15]) is unused and will be removed from module LC3Zybo_top.
WARNING: [Synth 8-3332] Sequential element (Inst_student_code/Inst_lc3_computer/pled_in_reg[14]) is unused and will be removed from module LC3Zybo_top.
WARNING: [Synth 8-3332] Sequential element (Inst_student_code/Inst_lc3_computer/pled_in_reg[13]) is unused and will be removed from module LC3Zybo_top.
WARNING: [Synth 8-3332] Sequential element (Inst_student_code/Inst_lc3_computer/pled_in_reg[12]) is unused and will be removed from module LC3Zybo_top.
WARNING: [Synth 8-3332] Sequential element (Inst_student_code/Inst_lc3_computer/pled_in_reg[11]) is unused and will be removed from module LC3Zybo_top.
WARNING: [Synth 8-3332] Sequential element (Inst_student_code/Inst_lc3_computer/pled_in_reg[10]) is unused and will be removed from module LC3Zybo_top.
WARNING: [Synth 8-3332] Sequential element (Inst_student_code/Inst_lc3_computer/pled_in_reg[9]) is unused and will be removed from module LC3Zybo_top.
WARNING: [Synth 8-3332] Sequential element (Inst_student_code/Inst_lc3_computer/pled_in_reg[8]) is unused and will be removed from module LC3Zybo_top.
WARNING: [Synth 8-3332] Sequential element (Inst_student_code/Inst_lc3_computer/pled_in_reg[7]) is unused and will be removed from module LC3Zybo_top.
WARNING: [Synth 8-3332] Sequential element (Inst_student_code/Inst_lc3_computer/pled_in_reg[6]) is unused and will be removed from module LC3Zybo_top.
WARNING: [Synth 8-3332] Sequential element (Inst_student_code/Inst_lc3_computer/pled_in_reg[5]) is unused and will be removed from module LC3Zybo_top.
WARNING: [Synth 8-3332] Sequential element (Inst_student_code/Inst_lc3_computer/pled_in_reg[4]) is unused and will be removed from module LC3Zybo_top.
WARNING: [Synth 8-3332] Sequential element (Inst_student_code/Inst_lc3_computer/pled_in_reg[3]) is unused and will be removed from module LC3Zybo_top.
WARNING: [Synth 8-3332] Sequential element (Inst_student_code/Inst_lc3_computer/pled_in_reg[2]) is unused and will be removed from module LC3Zybo_top.
WARNING: [Synth 8-3332] Sequential element (Inst_student_code/Inst_lc3_computer/pled_in_reg[1]) is unused and will be removed from module LC3Zybo_top.
WARNING: [Synth 8-3332] Sequential element (Inst_student_code/Inst_lc3_computer/pled_in_reg[0]) is unused and will be removed from module LC3Zybo_top.
WARNING: [Synth 8-3332] Sequential element (Inst_student_code/Inst_lc3_computer/mux_reg[5]) is unused and will be removed from module LC3Zybo_top.
WARNING: [Synth 8-3332] Sequential element (Inst_student_code/Inst_lc3_computer/reg_led/q_reg[15]) is unused and will be removed from module LC3Zybo_top.
WARNING: [Synth 8-3332] Sequential element (Inst_student_code/Inst_lc3_computer/reg_led/q_reg[14]) is unused and will be removed from module LC3Zybo_top.
WARNING: [Synth 8-3332] Sequential element (Inst_student_code/Inst_lc3_computer/reg_led/q_reg[13]) is unused and will be removed from module LC3Zybo_top.
WARNING: [Synth 8-3332] Sequential element (Inst_student_code/Inst_lc3_computer/reg_led/q_reg[12]) is unused and will be removed from module LC3Zybo_top.
WARNING: [Synth 8-3332] Sequential element (Inst_student_code/Inst_lc3_computer/reg_led/q_reg[11]) is unused and will be removed from module LC3Zybo_top.
WARNING: [Synth 8-3332] Sequential element (Inst_student_code/Inst_lc3_computer/reg_led/q_reg[10]) is unused and will be removed from module LC3Zybo_top.
WARNING: [Synth 8-3332] Sequential element (Inst_student_code/Inst_lc3_computer/reg_led/q_reg[9]) is unused and will be removed from module LC3Zybo_top.
WARNING: [Synth 8-3332] Sequential element (Inst_student_code/Inst_lc3_computer/reg_led/q_reg[8]) is unused and will be removed from module LC3Zybo_top.
WARNING: [Synth 8-3332] Sequential element (Inst_student_code/Inst_lc3_computer/reg_pled/q_reg[15]) is unused and will be removed from module LC3Zybo_top.
WARNING: [Synth 8-3332] Sequential element (Inst_student_code/Inst_lc3_computer/reg_pled/q_reg[14]) is unused and will be removed from module LC3Zybo_top.
WARNING: [Synth 8-3332] Sequential element (Inst_student_code/Inst_lc3_computer/reg_pled/q_reg[13]) is unused and will be removed from module LC3Zybo_top.
WARNING: [Synth 8-3332] Sequential element (Inst_student_code/Inst_lc3_computer/reg_pled/q_reg[12]) is unused and will be removed from module LC3Zybo_top.
WARNING: [Synth 8-3332] Sequential element (Inst_student_code/Inst_lc3_computer/reg_pled/q_reg[11]) is unused and will be removed from module LC3Zybo_top.
WARNING: [Synth 8-3332] Sequential element (Inst_student_code/Inst_lc3_computer/reg_pled/q_reg[10]) is unused and will be removed from module LC3Zybo_top.
WARNING: [Synth 8-3332] Sequential element (Inst_student_code/Inst_lc3_computer/reg_pled/q_reg[9]) is unused and will be removed from module LC3Zybo_top.
WARNING: [Synth 8-3332] Sequential element (Inst_student_code/Inst_lc3_computer/reg_pled/q_reg[8]) is unused and will be removed from module LC3Zybo_top.
WARNING: [Synth 8-3332] Sequential element (Inst_student_code/Inst_lc3_computer/reg_pled/q_reg[7]) is unused and will be removed from module LC3Zybo_top.
WARNING: [Synth 8-3332] Sequential element (Inst_student_code/Inst_lc3_computer/reg_pled/q_reg[6]) is unused and will be removed from module LC3Zybo_top.
WARNING: [Synth 8-3332] Sequential element (Inst_student_code/Inst_lc3_computer/reg_pled/q_reg[5]) is unused and will be removed from module LC3Zybo_top.
WARNING: [Synth 8-3332] Sequential element (Inst_student_code/Inst_lc3_computer/reg_pled/q_reg[4]) is unused and will be removed from module LC3Zybo_top.
WARNING: [Synth 8-3332] Sequential element (Inst_student_code/Inst_lc3_computer/reg_pled/q_reg[3]) is unused and will be removed from module LC3Zybo_top.
WARNING: [Synth 8-3332] Sequential element (Inst_student_code/Inst_lc3_computer/reg_pled/q_reg[2]) is unused and will be removed from module LC3Zybo_top.
WARNING: [Synth 8-3332] Sequential element (Inst_student_code/Inst_lc3_computer/reg_pled/q_reg[1]) is unused and will be removed from module LC3Zybo_top.
WARNING: [Synth 8-3332] Sequential element (Inst_student_code/Inst_lc3_computer/reg_pled/q_reg[0]) is unused and will be removed from module LC3Zybo_top.
---------------------------------------------------------------------------------
Finished Cross Boundary and Area Optimization : Time (s): cpu = 00:00:16 ; elapsed = 00:00:19 . Memory (MB): peak = 754.281 ; gain = 515.031
---------------------------------------------------------------------------------
---------------------------------------------------------------------------------
Start ROM, RAM, DSP and Shift Register Reporting
---------------------------------------------------------------------------------

ROM:
+-------------+------------+---------------+----------------+
|Module Name  | RTL Object | Depth x Width | Implemented As | 
+-------------+------------+---------------+----------------+
|lc3_computer | data_in    | 32x16         | LUT            | 
+-------------+------------+---------------+----------------+


Block RAM: Preliminary Mapping  Report (see note below)
+------------+------------+------------------------+---+---+------------------------+---+---+------------------+--------+--------+
|Module Name | RTL Object | PORT A (Depth x Width) | W | R | PORT B (Depth x Width) | W | R | Ports driving FF | RAMB18 | RAMB36 | 
+------------+------------+------------------------+---+---+------------------------+---+---+------------------+--------+--------+
|memory:     | ram_reg    | 64 K x 16(WRITE_FIRST) | W | R |                        |   |   | Port A           | 0      | 32     | 
+------------+------------+------------------------+---+---+------------------------+---+---+------------------+--------+--------+

Note: The tale above is a preliminary report that shows the Block RAMs at the current stage of the synthesis flow. Some Block RAMs may be reimplemented as non Block RAM primitives later in the synthesis flow. Multiple instantiated Block RAMs are reported only once. 
---------------------------------------------------------------------------------
Finished ROM, RAM, DSP and Shift Register Reporting
---------------------------------------------------------------------------------
INFO: [Synth 8-4480] The timing for the instance i_0/Inst_student_code/Inst_lc3_computer/lc3_memory/ram_reg_1_0 (implemented as a block RAM) might be sub-optimal as no optional output register could be merged into the block ram. Providing additional output register may help in improving timing.
INFO: [Synth 8-4480] The timing for the instance i_0/Inst_student_code/Inst_lc3_computer/lc3_memory/ram_reg_1_1 (implemented as a block RAM) might be sub-optimal as no optional output register could be merged into the block ram. Providing additional output register may help in improving timing.
INFO: [Synth 8-4480] The timing for the instance i_0/Inst_student_code/Inst_lc3_computer/lc3_memory/ram_reg_1_2 (implemented as a block RAM) might be sub-optimal as no optional output register could be merged into the block ram. Providing additional output register may help in improving timing.
INFO: [Synth 8-4480] The timing for the instance i_0/Inst_student_code/Inst_lc3_computer/lc3_memory/ram_reg_1_3 (implemented as a block RAM) might be sub-optimal as no optional output register could be merged into the block ram. Providing additional output register may help in improving timing.
INFO: [Synth 8-4480] The timing for the instance i_0/Inst_student_code/Inst_lc3_computer/lc3_memory/ram_reg_1_4 (implemented as a block RAM) might be sub-optimal as no optional output register could be merged into the block ram. Providing additional output register may help in improving timing.
INFO: [Synth 8-4480] The timing for the instance i_0/Inst_student_code/Inst_lc3_computer/lc3_memory/ram_reg_1_5 (implemented as a block RAM) might be sub-optimal as no optional output register could be merged into the block ram. Providing additional output register may help in improving timing.
INFO: [Synth 8-4480] The timing for the instance i_0/Inst_student_code/Inst_lc3_computer/lc3_memory/ram_reg_1_6 (implemented as a block RAM) might be sub-optimal as no optional output register could be merged into the block ram. Providing additional output register may help in improving timing.
INFO: [Synth 8-4480] The timing for the instance i_0/Inst_student_code/Inst_lc3_computer/lc3_memory/ram_reg_1_7 (implemented as a block RAM) might be sub-optimal as no optional output register could be merged into the block ram. Providing additional output register may help in improving timing.
INFO: [Synth 8-4480] The timing for the instance i_0/Inst_student_code/Inst_lc3_computer/lc3_memory/ram_reg_1_8 (implemented as a block RAM) might be sub-optimal as no optional output register could be merged into the block ram. Providing additional output register may help in improving timing.
INFO: [Synth 8-4480] The timing for the instance i_0/Inst_student_code/Inst_lc3_computer/lc3_memory/ram_reg_1_9 (implemented as a block RAM) might be sub-optimal as no optional output register could be merged into the block ram. Providing additional output register may help in improving timing.
INFO: [Synth 8-4480] The timing for the instance i_0/Inst_student_code/Inst_lc3_computer/lc3_memory/ram_reg_1_10 (implemented as a block RAM) might be sub-optimal as no optional output register could be merged into the block ram. Providing additional output register may help in improving timing.
INFO: [Synth 8-4480] The timing for the instance i_0/Inst_student_code/Inst_lc3_computer/lc3_memory/ram_reg_1_11 (implemented as a block RAM) might be sub-optimal as no optional output register could be merged into the block ram. Providing additional output register may help in improving timing.
INFO: [Synth 8-4480] The timing for the instance i_0/Inst_student_code/Inst_lc3_computer/lc3_memory/ram_reg_1_12 (implemented as a block RAM) might be sub-optimal as no optional output register could be merged into the block ram. Providing additional output register may help in improving timing.
INFO: [Synth 8-4480] The timing for the instance i_0/Inst_student_code/Inst_lc3_computer/lc3_memory/ram_reg_1_13 (implemented as a block RAM) might be sub-optimal as no optional output register could be merged into the block ram. Providing additional output register may help in improving timing.
INFO: [Synth 8-4480] The timing for the instance i_0/Inst_student_code/Inst_lc3_computer/lc3_memory/ram_reg_1_14 (implemented as a block RAM) might be sub-optimal as no optional output register could be merged into the block ram. Providing additional output register may help in improving timing.
INFO: [Synth 8-4480] The timing for the instance i_0/Inst_student_code/Inst_lc3_computer/lc3_memory/ram_reg_1_15 (implemented as a block RAM) might be sub-optimal as no optional output register could be merged into the block ram. Providing additional output register may help in improving timing.

Report RTL Partitions: 
+-+--------------+------------+----------+
| |RTL Partition |Replication |Instances |
+-+--------------+------------+----------+
+-+--------------+------------+----------+
---------------------------------------------------------------------------------
Start Applying XDC Timing Constraints
---------------------------------------------------------------------------------
---------------------------------------------------------------------------------
Finished Applying XDC Timing Constraints : Time (s): cpu = 00:00:23 ; elapsed = 00:00:27 . Memory (MB): peak = 772.906 ; gain = 533.656
---------------------------------------------------------------------------------
---------------------------------------------------------------------------------
Start Timing Optimization
---------------------------------------------------------------------------------
---------------------------------------------------------------------------------
Finished Timing Optimization : Time (s): cpu = 00:00:23 ; elapsed = 00:00:27 . Memory (MB): peak = 774.242 ; gain = 534.992
---------------------------------------------------------------------------------
---------------------------------------------------------------------------------
Start ROM, RAM, DSP and Shift Register Reporting
---------------------------------------------------------------------------------

Block RAM: Final Mapping  Report
+------------+------------+------------------------+---+---+------------------------+---+---+------------------+--------+--------+
|Module Name | RTL Object | PORT A (Depth x Width) | W | R | PORT B (Depth x Width) | W | R | Ports driving FF | RAMB18 | RAMB36 | 
+------------+------------+------------------------+---+---+------------------------+---+---+------------------+--------+--------+
|memory:     | ram_reg    | 64 K x 16(WRITE_FIRST) | W | R |                        |   |   | Port A           | 0      | 32     | 
+------------+------------+------------------------+---+---+------------------------+---+---+------------------+--------+--------+

---------------------------------------------------------------------------------
Finished ROM, RAM, DSP and Shift Register Reporting
---------------------------------------------------------------------------------

Report RTL Partitions: 
+-+--------------+------------+----------+
| |RTL Partition |Replication |Instances |
+-+--------------+------------+----------+
+-+--------------+------------+----------+
---------------------------------------------------------------------------------
Start Technology Mapping
---------------------------------------------------------------------------------
INFO: [Synth 8-4480] The timing for the instance Inst_student_code/Inst_lc3_computer/lc3_memory/ram_reg_1_0 (implemented as a block RAM) might be sub-optimal as no optional output register could be merged into the block ram. Providing additional output register may help in improving timing.
INFO: [Synth 8-4480] The timing for the instance Inst_student_code/Inst_lc3_computer/lc3_memory/ram_reg_1_1 (implemented as a block RAM) might be sub-optimal as no optional output register could be merged into the block ram. Providing additional output register may help in improving timing.
INFO: [Synth 8-4480] The timing for the instance Inst_student_code/Inst_lc3_computer/lc3_memory/ram_reg_1_2 (implemented as a block RAM) might be sub-optimal as no optional output register could be merged into the block ram. Providing additional output register may help in improving timing.
INFO: [Synth 8-4480] The timing for the instance Inst_student_code/Inst_lc3_computer/lc3_memory/ram_reg_1_3 (implemented as a block RAM) might be sub-optimal as no optional output register could be merged into the block ram. Providing additional output register may help in improving timing.
INFO: [Synth 8-4480] The timing for the instance Inst_student_code/Inst_lc3_computer/lc3_memory/ram_reg_1_4 (implemented as a block RAM) might be sub-optimal as no optional output register could be merged into the block ram. Providing additional output register may help in improving timing.
INFO: [Synth 8-4480] The timing for the instance Inst_student_code/Inst_lc3_computer/lc3_memory/ram_reg_1_5 (implemented as a block RAM) might be sub-optimal as no optional output register could be merged into the block ram. Providing additional output register may help in improving timing.
INFO: [Synth 8-4480] The timing for the instance Inst_student_code/Inst_lc3_computer/lc3_memory/ram_reg_1_6 (implemented as a block RAM) might be sub-optimal as no optional output register could be merged into the block ram. Providing additional output register may help in improving timing.
INFO: [Synth 8-4480] The timing for the instance Inst_student_code/Inst_lc3_computer/lc3_memory/ram_reg_1_7 (implemented as a block RAM) might be sub-optimal as no optional output register could be merged into the block ram. Providing additional output register may help in improving timing.
INFO: [Synth 8-4480] The timing for the instance Inst_student_code/Inst_lc3_computer/lc3_memory/ram_reg_1_8 (implemented as a block RAM) might be sub-optimal as no optional output register could be merged into the block ram. Providing additional output register may help in improving timing.
INFO: [Synth 8-4480] The timing for the instance Inst_student_code/Inst_lc3_computer/lc3_memory/ram_reg_1_9 (implemented as a block RAM) might be sub-optimal as no optional output register could be merged into the block ram. Providing additional output register may help in improving timing.
INFO: [Synth 8-4480] The timing for the instance Inst_student_code/Inst_lc3_computer/lc3_memory/ram_reg_1_10 (implemented as a block RAM) might be sub-optimal as no optional output register could be merged into the block ram. Providing additional output register may help in improving timing.
INFO: [Synth 8-4480] The timing for the instance Inst_student_code/Inst_lc3_computer/lc3_memory/ram_reg_1_11 (implemented as a block RAM) might be sub-optimal as no optional output register could be merged into the block ram. Providing additional output register may help in improving timing.
INFO: [Synth 8-4480] The timing for the instance Inst_student_code/Inst_lc3_computer/lc3_memory/ram_reg_1_12 (implemented as a block RAM) might be sub-optimal as no optional output register could be merged into the block ram. Providing additional output register may help in improving timing.
INFO: [Synth 8-4480] The timing for the instance Inst_student_code/Inst_lc3_computer/lc3_memory/ram_reg_1_13 (implemented as a block RAM) might be sub-optimal as no optional output register could be merged into the block ram. Providing additional output register may help in improving timing.
INFO: [Synth 8-4480] The timing for the instance Inst_student_code/Inst_lc3_computer/lc3_memory/ram_reg_1_14 (implemented as a block RAM) might be sub-optimal as no optional output register could be merged into the block ram. Providing additional output register may help in improving timing.
INFO: [Synth 8-4480] The timing for the instance Inst_student_code/Inst_lc3_computer/lc3_memory/ram_reg_1_15 (implemented as a block RAM) might be sub-optimal as no optional output register could be merged into the block ram. Providing additional output register may help in improving timing.
---------------------------------------------------------------------------------
Finished Technology Mapping : Time (s): cpu = 00:00:24 ; elapsed = 00:00:27 . Memory (MB): peak = 801.086 ; gain = 561.836
---------------------------------------------------------------------------------

Report RTL Partitions: 
+-+--------------+------------+----------+
| |RTL Partition |Replication |Instances |
+-+--------------+------------+----------+
+-+--------------+------------+----------+
---------------------------------------------------------------------------------
Start IO Insertion
---------------------------------------------------------------------------------
---------------------------------------------------------------------------------
Start Flattening Before IO Insertion
---------------------------------------------------------------------------------
---------------------------------------------------------------------------------
Finished Flattening Before IO Insertion
---------------------------------------------------------------------------------
---------------------------------------------------------------------------------
Start Final Netlist Cleanup
---------------------------------------------------------------------------------
INFO: [Synth 8-6064] Net n_0_5 is driving 64 big block pins (URAM, BRAM and DSP loads). Created 7 replicas of its driver. 
INFO: [Synth 8-6064] Net n_0_4 is driving 64 big block pins (URAM, BRAM and DSP loads). Created 7 replicas of its driver. 
---------------------------------------------------------------------------------
Finished Final Netlist Cleanup
---------------------------------------------------------------------------------
---------------------------------------------------------------------------------
Finished IO Insertion : Time (s): cpu = 00:00:25 ; elapsed = 00:00:28 . Memory (MB): peak = 801.086 ; gain = 561.836
---------------------------------------------------------------------------------

Report Check Netlist: 
+------+------------------+-------+---------+-------+------------------+
|      |Item              |Errors |Warnings |Status |Description       |
+------+------------------+-------+---------+-------+------------------+
|1     |multi_driven_nets |      0|        0|Passed |Multi driven nets |
+------+------------------+-------+---------+-------+------------------+
---------------------------------------------------------------------------------
Start Renaming Generated Instances
---------------------------------------------------------------------------------
---------------------------------------------------------------------------------
Finished Renaming Generated Instances : Time (s): cpu = 00:00:25 ; elapsed = 00:00:28 . Memory (MB): peak = 801.086 ; gain = 561.836
---------------------------------------------------------------------------------

Report RTL Partitions: 
+-+--------------+------------+----------+
| |RTL Partition |Replication |Instances |
+-+--------------+------------+----------+
+-+--------------+------------+----------+
---------------------------------------------------------------------------------
Start Rebuilding User Hierarchy
---------------------------------------------------------------------------------
---------------------------------------------------------------------------------
Finished Rebuilding User Hierarchy : Time (s): cpu = 00:00:25 ; elapsed = 00:00:28 . Memory (MB): peak = 801.086 ; gain = 561.836
---------------------------------------------------------------------------------
---------------------------------------------------------------------------------
Start Renaming Generated Ports
---------------------------------------------------------------------------------
---------------------------------------------------------------------------------
Finished Renaming Generated Ports : Time (s): cpu = 00:00:25 ; elapsed = 00:00:28 . Memory (MB): peak = 801.086 ; gain = 561.836
---------------------------------------------------------------------------------
---------------------------------------------------------------------------------
Start Handling Custom Attributes
---------------------------------------------------------------------------------
---------------------------------------------------------------------------------
Finished Handling Custom Attributes : Time (s): cpu = 00:00:25 ; elapsed = 00:00:28 . Memory (MB): peak = 801.086 ; gain = 561.836
---------------------------------------------------------------------------------
---------------------------------------------------------------------------------
Start Renaming Generated Nets
---------------------------------------------------------------------------------
---------------------------------------------------------------------------------
Finished Renaming Generated Nets : Time (s): cpu = 00:00:25 ; elapsed = 00:00:28 . Memory (MB): peak = 801.086 ; gain = 561.836
---------------------------------------------------------------------------------
---------------------------------------------------------------------------------
Start Writing Synthesis Report
---------------------------------------------------------------------------------

Report BlackBoxes: 
+------+--------------+----------+
|      |BlackBox name |Instances |
+------+--------------+----------+
|1     |ZyboVIO_SE    |         1|
|2     |lc3           |         1|
+------+--------------+----------+

Report Cell Usage: 
+------+------------------+------+
|      |Cell              |Count |
+------+------------------+------+
|1     |ZyboVIO_SE_bbox_1 |     1|
|2     |lc3_bbox_0        |     1|
|3     |CARRY4            |    66|
|4     |LUT1              |   204|
|5     |LUT2              |    55|
|6     |LUT3              |    18|
|7     |LUT4              |    70|
|8     |LUT5              |   215|
|9     |LUT6              |   233|
|10    |RAMB36E1          |     1|
|11    |RAMB36E1_1        |    16|
|12    |RAMB36E1_10       |     1|
|13    |RAMB36E1_11       |     1|
|14    |RAMB36E1_12       |     1|
|15    |RAMB36E1_13       |     1|
|16    |RAMB36E1_14       |     1|
|17    |RAMB36E1_15       |     1|
|18    |RAMB36E1_16       |     1|
|19    |RAMB36E1_2        |     1|
|20    |RAMB36E1_3        |     1|
|21    |RAMB36E1_4        |     1|
|22    |RAMB36E1_5        |     1|
|23    |RAMB36E1_6        |     1|
|24    |RAMB36E1_7        |     1|
|25    |RAMB36E1_8        |     1|
|26    |RAMB36E1_9        |     1|
|27    |FDCE              |   202|
|28    |FDPE              |     3|
|29    |FDRE              |   232|
|30    |LD                |    62|
|31    |IBUF              |    10|
|32    |OBUF              |     5|
+------+------------------+------+

Report Instance Areas: 
+------+----------------------------------+------------------------------+------+
|      |Instance                          |Module                        |Cells |
+------+----------------------------------+------------------------------+------+
|1     |top                               |                              |  1466|
|2     |  Inst_ZyboVIOSE_wrapper          |zyboviose_wrapper             |    35|
|3     |  Inst_student_code               |student_code                  |   800|
|4     |    Inst_lc3_computer             |lc3_computer                  |   585|
|5     |      lc3_m                       |lc3_wrapper_multiplexers      |   102|
|6     |      lc3_memory                  |memory                        |    43|
|7     |      ms_counter                  |mod_m_counter__parameterized1 |    44|
|8     |      reg_hex                     |reg_reset                     |    16|
|9     |      reg_led                     |reg_reset_9                   |     8|
|10    |      tic_counter                 |mod_m_counter__parameterized0 |    41|
|11    |      uart                        |uart                          |   237|
|12    |        baud_gen_unit             |mod_m_counter                 |    20|
|13    |        fifo_rx_unit              |fifo                          |    76|
|14    |        fifo_tx_unit              |fifo_10                       |    67|
|15    |        uart_rx_unit              |uart_rx                       |    37|
|16    |        uart_tx_unit              |uart_tx                       |    37|
|17    |    lc3_debug_1                   |lc3_debug                     |   215|
|18    |      BtnToggle_1                 |BtnToggle                     |    52|
|19    |      hand_clk_db                 |debounce_7                    |    81|
|20    |      sys_halt_db                 |debounce_8                    |    81|
|21    |  \my_debounce[0].Inst_debounce1  |debounce                      |    77|
|22    |  \my_debounce[0].Inst_debounce2  |debounce_0                    |    77|
|23    |  \my_debounce[1].Inst_debounce1  |debounce_1                    |    77|
|24    |  \my_debounce[1].Inst_debounce2  |debounce_2                    |    77|
|25    |  \my_debounce[2].Inst_debounce1  |debounce_3                    |    77|
|26    |  \my_debounce[2].Inst_debounce2  |debounce_4                    |    77|
|27    |  \my_debounce[3].Inst_debounce1  |debounce_5                    |    77|
|28    |  \my_debounce[3].Inst_debounce2  |debounce_6                    |    77|
+------+----------------------------------+------------------------------+------+
---------------------------------------------------------------------------------
Finished Writing Synthesis Report : Time (s): cpu = 00:00:25 ; elapsed = 00:00:28 . Memory (MB): peak = 801.086 ; gain = 561.836
---------------------------------------------------------------------------------
Synthesis finished with 0 errors, 0 critical warnings and 56 warnings.
Synthesis Optimization Runtime : Time (s): cpu = 00:00:16 ; elapsed = 00:00:21 . Memory (MB): peak = 801.086 ; gain = 235.883
Synthesis Optimization Complete : Time (s): cpu = 00:00:25 ; elapsed = 00:00:29 . Memory (MB): peak = 801.086 ; gain = 561.836
INFO: [Project 1-571] Translating synthesized netlist
Release 14.7 - ngc2edif P_INT.20180321 (nt64)
Copyright (c) 1995-2013 Xilinx, Inc.  All rights reserved.
Reading design ZyboVIO_SE.ngc ...
WARNING:NetListWriters:298 - No output is written to ZyboVIO_SE.xncf, ignored.
Processing design ...
   Preping design's networks ...
   Preping design's macros ...
WARNING:NetListWriters:306 - Signal bus Inst_jtag_chainIO/fromPCReg[47 : 0] on
   block ZyboVIO_SE is not reconstructed, because there are some missing bus
   signals.
  finished :Prep
Writing EDIF netlist file ZyboVIO_SE.edif ...
ngc2edif: Total memory usage is 4324100 kilobytes

Reading core file 'C:/Users/sskev/OneDrive/Skrivebord/3 ugers - Digital systemer/LC3 ZYBO/ZyboVIO_SE.ngc' for (cell view 'ZyboVIO_SE', library 'work')
Parsing EDIF File [./.ngc2edfcache/ZyboVIO_SE_ngc_22d2d40e.edif]
Finished Parsing EDIF File [./.ngc2edfcache/ZyboVIO_SE_ngc_22d2d40e.edif]
WARNING: [Netlist 29-5] Replacement cell view : ZyboVIO_SE has additional ports (tx_data_out_aa[0]) not seen in its original version.
Release 14.7 - ngc2edif P_INT.20180321 (nt64)
Copyright (c) 1995-2013 Xilinx, Inc.  All rights reserved.
Reading design lc3.ngc ...
WARNING:NetListWriters:298 - No output is written to lc3.xncf, ignored.
Processing design ...
   Preping design's networks ...
   Preping design's macros ...
WARNING:NetListWriters:306 - Signal bus
   tmp_addr_reg[15]_data_in[15]_mux_245_OUT<14 : 1> on block lc3 is not
   reconstructed, because there are some missing bus signals.
  finished :Prep
Writing EDIF netlist file lc3.edif ...
ngc2edif: Total memory usage is 4329220 kilobytes

Reading core file 'C:/Users/sskev/OneDrive/Skrivebord/3 ugers - Digital systemer/LC3 ZYBO/lc3.ngc' for (cell view 'lc3', library 'work')
Parsing EDIF File [./.ngc2edfcache/lc3_ngc_22d2d40e.edif]
Finished Parsing EDIF File [./.ngc2edfcache/lc3_ngc_22d2d40e.edif]
INFO: [Netlist 29-17] Analyzing 2842 Unisim elements for replacement
INFO: [Netlist 29-28] Unisim Transformation completed in 0 CPU seconds
INFO: [Project 1-479] Netlist was created with Xilinx ngc2edif P_INT.20180321
INFO: [Project 1-570] Preparing netlist for logic optimization
INFO: [Opt 31-138] Pushed 0 inverter(s) to 0 load pin(s).
INFO: [Project 1-111] Unisim Transformation Summary:
  A total of 1699 instances were transformed.
  (MUXCY,XORCY) => CARRY4: 151 instances
  FD => FDRE: 1001 instances
  FDC => FDCE: 6 instances
  FDE => FDRE: 339 instances
  FDP => FDPE: 2 instances
  INV => LUT1: 121 instances
  LD => LDCE: 62 instances
  MULT_AND => LUT2: 17 instances

INFO: [Common 17-83] Releasing license: Synthesis
144 Infos, 72 Warnings, 0 Critical Warnings and 0 Errors encountered.
synth_design completed successfully
synth_design: Time (s): cpu = 00:00:28 ; elapsed = 00:00:36 . Memory (MB): peak = 801.086 ; gain = 575.160
WARNING: [Constraints 18-5210] No constraint will be written out.
INFO: [Common 17-1381] The checkpoint 'C:/Users/sskev/OneDrive/Skrivebord/3 ugers - Digital systemer/LC3 ZYBO/3 Ugers - Kode/3 Ugers - Kode.runs/synth_1/LC3Zybo_top.dcp' has been generated.
INFO: [runtcl-4] Executing : report_utilization -file LC3Zybo_top_utilization_synth.rpt -pb LC3Zybo_top_utilization_synth.pb
report_utilization: Time (s): cpu = 00:00:00 ; elapsed = 00:00:00.052 . Memory (MB): peak = 801.086 ; gain = 0.000
INFO: [Common 17-206] Exiting Vivado at Thu Jun 16 15:31:48 2022...
